<?xml version="1.0" encoding="UTF-8"?>
<testsuite xmlns:xsi="http://www.w3.org/2001/XMLSchema-instance" xsi:noNamespaceSchemaLocation="https://maven.apache.org/surefire/maven-surefire-plugin/xsd/surefire-test-report.xsd" version="3.0.1" name="com.ni.AppTest" time="0.045" tests="3" errors="0" skipped="0" failures="0">
  <properties>
[...]
</properties>
  <testcase name="testSumWithPositives" classname="com.ni.AppTest" time="0.018"/>
  <testcase name="testSumWithNigivtives" classname="com.ni.AppTest" time="0.001"/>
  <testcase name="testSumWithMixed" classname="com.ni.AppTest" time="0.002"/>
</testsuite>